<?xml version="1.0" encoding="UTF-8"?>
<coverage generated="1720424001189" clover="3.2.0">
  <project timestamp="1720424001189" name="All files">
    <metrics statements="454" coveredstatements="388" conditionals="128" coveredconditionals="114" methods="114" coveredmethods="99" elements="696" coveredelements="601" complexity="0" loc="454" ncloc="454" packages="18" files="48" classes="48"/>
    <package name="Applications.security">
      <metrics statements="7" coveredstatements="7" conditionals="0" coveredconditionals="0" methods="5" coveredmethods="5"/>
      <file name="AuthenticationTokenManager.js" path="/Users/aqshol/Documents/Work/Backend/Dev/learning/dicoding/auth-api/src/Applications/security/AuthenticationTokenManager.js">
        <metrics statements="4" coveredstatements="4" conditionals="0" coveredconditionals="0" methods="3" coveredmethods="3"/>
        <line num="3" count="1" type="stmt"/>
        <line num="7" count="1" type="stmt"/>
        <line num="11" count="1" type="stmt"/>
        <line num="15" count="6" type="stmt"/>
      </file>
      <file name="PasswordHash.js" path="/Users/aqshol/Documents/Work/Backend/Dev/learning/dicoding/auth-api/src/Applications/security/PasswordHash.js">
        <metrics statements="3" coveredstatements="3" conditionals="0" coveredconditionals="0" methods="2" coveredmethods="2"/>
        <line num="3" count="1" type="stmt"/>
        <line num="6" count="1" type="stmt"/>
        <line num="9" count="6" type="stmt"/>
      </file>
    </package>
    <package name="Applications.use_case">
      <metrics statements="87" coveredstatements="87" conditionals="14" coveredconditionals="14" methods="22" coveredmethods="22"/>
      <file name="AddCommentUseCase.js" path="/Users/aqshol/Documents/Work/Backend/Dev/learning/dicoding/auth-api/src/Applications/use_case/AddCommentUseCase.js">
        <metrics statements="7" coveredstatements="7" conditionals="0" coveredconditionals="0" methods="2" coveredmethods="2"/>
        <line num="1" count="4" type="stmt"/>
        <line num="5" count="1" type="stmt"/>
        <line num="6" count="1" type="stmt"/>
        <line num="10" count="1" type="stmt"/>
        <line num="11" count="1" type="stmt"/>
        <line num="16" count="1" type="stmt"/>
        <line num="20" count="4" type="stmt"/>
      </file>
      <file name="AddThreadUseCase.js" path="/Users/aqshol/Documents/Work/Backend/Dev/learning/dicoding/auth-api/src/Applications/use_case/AddThreadUseCase.js">
        <metrics statements="6" coveredstatements="6" conditionals="0" coveredconditionals="0" methods="2" coveredmethods="2"/>
        <line num="1" count="4" type="stmt"/>
        <line num="2" count="4" type="stmt"/>
        <line num="6" count="1" type="stmt"/>
        <line num="10" count="1" type="stmt"/>
        <line num="11" count="1" type="stmt"/>
        <line num="15" count="4" type="stmt"/>
      </file>
      <file name="AddUserUseCase.js" path="/Users/aqshol/Documents/Work/Backend/Dev/learning/dicoding/auth-api/src/Applications/use_case/AddUserUseCase.js">
        <metrics statements="8" coveredstatements="8" conditionals="0" coveredconditionals="0" methods="2" coveredmethods="2"/>
        <line num="1" count="4" type="stmt"/>
        <line num="5" count="3" type="stmt"/>
        <line num="6" count="3" type="stmt"/>
        <line num="10" count="10" type="stmt"/>
        <line num="11" count="6" type="stmt"/>
        <line num="12" count="5" type="stmt"/>
        <line num="13" count="5" type="stmt"/>
        <line num="17" count="4" type="stmt"/>
      </file>
      <file name="DeleteAuthenticationUseCase.js" path="/Users/aqshol/Documents/Work/Backend/Dev/learning/dicoding/auth-api/src/Applications/use_case/DeleteAuthenticationUseCase.js">
        <metrics statements="11" coveredstatements="11" conditionals="4" coveredconditionals="4" methods="3" coveredmethods="3"/>
        <line num="5" count="3" type="stmt"/>
        <line num="9" count="3" type="stmt"/>
        <line num="10" count="1" type="stmt"/>
        <line num="11" count="1" type="stmt"/>
        <line num="12" count="1" type="stmt"/>
        <line num="16" count="3" type="stmt"/>
        <line num="17" count="3" type="cond" truecount="2" falsecount="0"/>
        <line num="18" count="1" type="stmt"/>
        <line num="21" count="2" type="cond" truecount="2" falsecount="0"/>
        <line num="22" count="1" type="stmt"/>
        <line num="27" count="1" type="stmt"/>
      </file>
      <file name="DeleteCommentUseCase.js" path="/Users/aqshol/Documents/Work/Backend/Dev/learning/dicoding/auth-api/src/Applications/use_case/DeleteCommentUseCase.js">
        <metrics statements="7" coveredstatements="7" conditionals="0" coveredconditionals="0" methods="2" coveredmethods="2"/>
        <line num="3" count="4" type="stmt"/>
        <line num="4" count="4" type="stmt"/>
        <line num="8" count="4" type="stmt"/>
        <line num="9" count="3" type="stmt"/>
        <line num="10" count="2" type="stmt"/>
        <line num="11" count="1" type="stmt"/>
        <line num="15" count="4" type="stmt"/>
      </file>
      <file name="GetThreadDetailUseCase.js" path="/Users/aqshol/Documents/Work/Backend/Dev/learning/dicoding/auth-api/src/Applications/use_case/GetThreadDetailUseCase.js">
        <metrics statements="7" coveredstatements="7" conditionals="2" coveredconditionals="2" methods="3" coveredmethods="3"/>
        <line num="3" count="4" type="stmt"/>
        <line num="4" count="4" type="stmt"/>
        <line num="8" count="4" type="stmt"/>
        <line num="9" count="3" type="stmt"/>
        <line num="11" count="2" type="stmt"/>
        <line num="18" count="2" type="stmt"/>
        <line num="25" count="4" type="stmt"/>
      </file>
      <file name="LoginUserUseCase.js" path="/Users/aqshol/Documents/Work/Backend/Dev/learning/dicoding/auth-api/src/Applications/use_case/LoginUserUseCase.js">
        <metrics statements="16" coveredstatements="16" conditionals="0" coveredconditionals="0" methods="2" coveredmethods="2"/>
        <line num="1" count="4" type="stmt"/>
        <line num="2" count="4" type="stmt"/>
        <line num="11" count="2" type="stmt"/>
        <line num="12" count="2" type="stmt"/>
        <line num="13" count="2" type="stmt"/>
        <line num="14" count="2" type="stmt"/>
        <line num="18" count="7" type="stmt"/>
        <line num="20" count="5" type="stmt"/>
        <line num="22" count="4" type="stmt"/>
        <line num="24" count="3" type="stmt"/>
        <line num="26" count="3" type="stmt"/>
        <line num="28" count="3" type="stmt"/>
        <line num="31" count="3" type="stmt"/>
        <line num="36" count="3" type="stmt"/>
        <line num="38" count="3" type="stmt"/>
        <line num="42" count="4" type="stmt"/>
      </file>
      <file name="LogoutUserUseCase.js" path="/Users/aqshol/Documents/Work/Backend/Dev/learning/dicoding/auth-api/src/Applications/use_case/LogoutUserUseCase.js">
        <metrics statements="11" coveredstatements="11" conditionals="4" coveredconditionals="4" methods="3" coveredmethods="3"/>
        <line num="5" count="4" type="stmt"/>
        <line num="9" count="7" type="stmt"/>
        <line num="10" count="3" type="stmt"/>
        <line num="11" count="3" type="stmt"/>
        <line num="12" count="2" type="stmt"/>
        <line num="16" count="7" type="stmt"/>
        <line num="17" count="7" type="cond" truecount="2" falsecount="0"/>
        <line num="18" count="2" type="stmt"/>
        <line num="21" count="5" type="cond" truecount="2" falsecount="0"/>
        <line num="22" count="2" type="stmt"/>
        <line num="27" count="4" type="stmt"/>
      </file>
      <file name="RefreshAuthenticationUseCase.js" path="/Users/aqshol/Documents/Work/Backend/Dev/learning/dicoding/auth-api/src/Applications/use_case/RefreshAuthenticationUseCase.js">
        <metrics statements="14" coveredstatements="14" conditionals="4" coveredconditionals="4" methods="3" coveredmethods="3"/>
        <line num="6" count="4" type="stmt"/>
        <line num="7" count="4" type="stmt"/>
        <line num="11" count="8" type="stmt"/>
        <line num="12" count="4" type="stmt"/>
        <line num="14" count="4" type="stmt"/>
        <line num="15" count="3" type="stmt"/>
        <line num="17" count="2" type="stmt"/>
        <line num="19" count="2" type="stmt"/>
        <line num="23" count="8" type="stmt"/>
        <line num="25" count="8" type="cond" truecount="2" falsecount="0"/>
        <line num="26" count="2" type="stmt"/>
        <line num="29" count="6" type="cond" truecount="2" falsecount="0"/>
        <line num="30" count="2" type="stmt"/>
        <line num="35" count="4" type="stmt"/>
      </file>
    </package>
    <package name="Commons.exceptions">
      <metrics statements="27" coveredstatements="27" conditionals="5" coveredconditionals="5" methods="6" coveredmethods="6"/>
      <file name="AuthenticationError.js" path="/Users/aqshol/Documents/Work/Backend/Dev/learning/dicoding/auth-api/src/Commons/exceptions/AuthenticationError.js">
        <metrics statements="4" coveredstatements="4" conditionals="0" coveredconditionals="0" methods="1" coveredmethods="1"/>
        <line num="1" count="4" type="stmt"/>
        <line num="5" count="3" type="stmt"/>
        <line num="6" count="3" type="stmt"/>
        <line num="10" count="4" type="stmt"/>
      </file>
      <file name="AuthorizationError.js" path="/Users/aqshol/Documents/Work/Backend/Dev/learning/dicoding/auth-api/src/Commons/exceptions/AuthorizationError.js">
        <metrics statements="4" coveredstatements="4" conditionals="0" coveredconditionals="0" methods="1" coveredmethods="1"/>
        <line num="1" count="3" type="stmt"/>
        <line num="5" count="1" type="stmt"/>
        <line num="6" count="1" type="stmt"/>
        <line num="10" count="3" type="stmt"/>
      </file>
      <file name="ClientError.js" path="/Users/aqshol/Documents/Work/Backend/Dev/learning/dicoding/auth-api/src/Commons/exceptions/ClientError.js">
        <metrics statements="6" coveredstatements="6" conditionals="3" coveredconditionals="3" methods="1" coveredmethods="1"/>
        <line num="3" count="61" type="stmt"/>
        <line num="5" count="61" type="cond" truecount="2" falsecount="0"/>
        <line num="6" count="1" type="stmt"/>
        <line num="9" count="60" type="stmt"/>
        <line num="10" count="60" type="stmt"/>
        <line num="14" count="14" type="stmt"/>
      </file>
      <file name="DomainErrorTranslator.js" path="/Users/aqshol/Documents/Work/Backend/Dev/learning/dicoding/auth-api/src/Commons/exceptions/DomainErrorTranslator.js">
        <metrics statements="5" coveredstatements="5" conditionals="2" coveredconditionals="2" methods="1" coveredmethods="1"/>
        <line num="1" count="4" type="stmt"/>
        <line num="3" count="4" type="stmt"/>
        <line num="5" count="23" type="cond" truecount="2" falsecount="0"/>
        <line num="9" count="4" type="stmt"/>
        <line num="22" count="4" type="stmt"/>
      </file>
      <file name="InvariantError.js" path="/Users/aqshol/Documents/Work/Backend/Dev/learning/dicoding/auth-api/src/Commons/exceptions/InvariantError.js">
        <metrics statements="4" coveredstatements="4" conditionals="0" coveredconditionals="0" methods="1" coveredmethods="1"/>
        <line num="1" count="8" type="stmt"/>
        <line num="5" count="55" type="stmt"/>
        <line num="6" count="55" type="stmt"/>
        <line num="10" count="8" type="stmt"/>
      </file>
      <file name="NotFoundError.js" path="/Users/aqshol/Documents/Work/Backend/Dev/learning/dicoding/auth-api/src/Commons/exceptions/NotFoundError.js">
        <metrics statements="4" coveredstatements="4" conditionals="0" coveredconditionals="0" methods="1" coveredmethods="1"/>
        <line num="1" count="5" type="stmt"/>
        <line num="5" count="1" type="stmt"/>
        <line num="6" count="1" type="stmt"/>
        <line num="10" count="5" type="stmt"/>
      </file>
    </package>
    <package name="Domains.authentications">
      <metrics statements="4" coveredstatements="4" conditionals="0" coveredconditionals="0" methods="3" coveredmethods="3"/>
      <file name="AuthenticationRepository.js" path="/Users/aqshol/Documents/Work/Backend/Dev/learning/dicoding/auth-api/src/Domains/authentications/AuthenticationRepository.js">
        <metrics statements="4" coveredstatements="4" conditionals="0" coveredconditionals="0" methods="3" coveredmethods="3"/>
        <line num="3" count="1" type="stmt"/>
        <line num="7" count="1" type="stmt"/>
        <line num="11" count="1" type="stmt"/>
        <line num="15" count="8" type="stmt"/>
      </file>
    </package>
    <package name="Domains.authentications.entities">
      <metrics statements="9" coveredstatements="9" conditionals="8" coveredconditionals="8" methods="2" coveredmethods="2"/>
      <file name="NewAuth.js" path="/Users/aqshol/Documents/Work/Backend/Dev/learning/dicoding/auth-api/src/Domains/authentications/entities/NewAuth.js">
        <metrics statements="9" coveredstatements="9" conditionals="8" coveredconditionals="8" methods="2" coveredmethods="2"/>
        <line num="3" count="8" type="stmt"/>
        <line num="5" count="6" type="stmt"/>
        <line num="6" count="6" type="stmt"/>
        <line num="10" count="8" type="stmt"/>
        <line num="12" count="8" type="cond" truecount="4" falsecount="0"/>
        <line num="13" count="1" type="stmt"/>
        <line num="16" count="7" type="cond" truecount="4" falsecount="0"/>
        <line num="17" count="1" type="stmt"/>
        <line num="22" count="5" type="stmt"/>
      </file>
    </package>
    <package name="Domains.comments">
      <metrics statements="6" coveredstatements="6" conditionals="0" coveredconditionals="0" methods="5" coveredmethods="5"/>
      <file name="CommentRepository.js" path="/Users/aqshol/Documents/Work/Backend/Dev/learning/dicoding/auth-api/src/Domains/comments/CommentRepository.js">
        <metrics statements="6" coveredstatements="6" conditionals="0" coveredconditionals="0" methods="5" coveredmethods="5"/>
        <line num="3" count="1" type="stmt"/>
        <line num="7" count="1" type="stmt"/>
        <line num="11" count="1" type="stmt"/>
        <line num="15" count="1" type="stmt"/>
        <line num="19" count="1" type="stmt"/>
        <line num="23" count="6" type="stmt"/>
      </file>
    </package>
    <package name="Domains.comments.entities">
      <metrics statements="20" coveredstatements="20" conditionals="22" coveredconditionals="22" methods="4" coveredmethods="4"/>
      <file name="AddComment.js" path="/Users/aqshol/Documents/Work/Backend/Dev/learning/dicoding/auth-api/src/Domains/comments/entities/AddComment.js">
        <metrics statements="11" coveredstatements="11" conditionals="12" coveredconditionals="12" methods="2" coveredmethods="2"/>
        <line num="3" count="6" type="stmt"/>
        <line num="5" count="3" type="stmt"/>
        <line num="6" count="3" type="stmt"/>
        <line num="7" count="3" type="stmt"/>
        <line num="11" count="6" type="cond" truecount="5" falsecount="0"/>
        <line num="12" count="1" type="stmt"/>
        <line num="15" count="5" type="cond" truecount="5" falsecount="0"/>
        <line num="16" count="1" type="stmt"/>
        <line num="19" count="4" type="cond" truecount="2" falsecount="0"/>
        <line num="20" count="1" type="stmt"/>
        <line num="25" count="4" type="stmt"/>
      </file>
      <file name="AddedComment.js" path="/Users/aqshol/Documents/Work/Backend/Dev/learning/dicoding/auth-api/src/Domains/comments/entities/AddedComment.js">
        <metrics statements="9" coveredstatements="9" conditionals="10" coveredconditionals="10" methods="2" coveredmethods="2"/>
        <line num="3" count="5" type="stmt"/>
        <line num="5" count="3" type="stmt"/>
        <line num="6" count="3" type="stmt"/>
        <line num="7" count="3" type="stmt"/>
        <line num="11" count="5" type="cond" truecount="5" falsecount="0"/>
        <line num="12" count="1" type="stmt"/>
        <line num="15" count="4" type="cond" truecount="5" falsecount="0"/>
        <line num="16" count="1" type="stmt"/>
        <line num="21" count="3" type="stmt"/>
      </file>
    </package>
    <package name="Domains.threads">
      <metrics statements="4" coveredstatements="4" conditionals="0" coveredconditionals="0" methods="3" coveredmethods="3"/>
      <file name="ThreadRepository.js" path="/Users/aqshol/Documents/Work/Backend/Dev/learning/dicoding/auth-api/src/Domains/threads/ThreadRepository.js">
        <metrics statements="4" coveredstatements="4" conditionals="0" coveredconditionals="0" methods="3" coveredmethods="3"/>
        <line num="3" count="1" type="stmt"/>
        <line num="7" count="1" type="stmt"/>
        <line num="11" count="1" type="stmt"/>
        <line num="15" count="8" type="stmt"/>
      </file>
    </package>
    <package name="Domains.threads.entitites">
      <metrics statements="23" coveredstatements="17" conditionals="22" coveredconditionals="16" methods="4" coveredmethods="4"/>
      <file name="AddThread.js" path="/Users/aqshol/Documents/Work/Backend/Dev/learning/dicoding/auth-api/src/Domains/threads/entitites/AddThread.js">
        <metrics statements="13" coveredstatements="9" conditionals="12" coveredconditionals="8" methods="2" coveredmethods="2"/>
        <line num="3" count="2" type="stmt"/>
        <line num="5" count="2" type="stmt"/>
        <line num="7" count="2" type="stmt"/>
        <line num="8" count="2" type="stmt"/>
        <line num="12" count="2" type="cond" truecount="3" falsecount="1"/>
        <line num="13" count="0" type="stmt"/>
        <line num="16" count="2" type="cond" truecount="3" falsecount="1"/>
        <line num="17" count="0" type="stmt"/>
        <line num="20" count="2" type="cond" truecount="1" falsecount="1"/>
        <line num="21" count="0" type="stmt"/>
        <line num="24" count="2" type="cond" truecount="1" falsecount="1"/>
        <line num="25" count="0" type="stmt"/>
        <line num="30" count="4" type="stmt"/>
      </file>
      <file name="AddedThread.js" path="/Users/aqshol/Documents/Work/Backend/Dev/learning/dicoding/auth-api/src/Domains/threads/entitites/AddedThread.js">
        <metrics statements="10" coveredstatements="8" conditionals="10" coveredconditionals="8" methods="2" coveredmethods="2"/>
        <line num="3" count="2" type="stmt"/>
        <line num="4" count="2" type="stmt"/>
        <line num="5" count="2" type="stmt"/>
        <line num="6" count="2" type="stmt"/>
        <line num="7" count="2" type="stmt"/>
        <line num="11" count="2" type="cond" truecount="4" falsecount="1"/>
        <line num="12" count="0" type="stmt"/>
        <line num="15" count="2" type="cond" truecount="4" falsecount="1"/>
        <line num="16" count="0" type="stmt"/>
        <line num="21" count="4" type="stmt"/>
      </file>
    </package>
    <package name="Domains.users">
      <metrics statements="5" coveredstatements="5" conditionals="0" coveredconditionals="0" methods="4" coveredmethods="4"/>
      <file name="UserRepository.js" path="/Users/aqshol/Documents/Work/Backend/Dev/learning/dicoding/auth-api/src/Domains/users/UserRepository.js">
        <metrics statements="5" coveredstatements="5" conditionals="0" coveredconditionals="0" methods="4" coveredmethods="4"/>
        <line num="3" count="1" type="stmt"/>
        <line num="7" count="1" type="stmt"/>
        <line num="11" count="1" type="stmt"/>
        <line num="15" count="1" type="stmt"/>
        <line num="19" count="6" type="stmt"/>
      </file>
    </package>
    <package name="Domains.users.entities">
      <metrics statements="33" coveredstatements="33" conditionals="32" coveredconditionals="32" methods="6" coveredmethods="6"/>
      <file name="RegisterUser.js" path="/Users/aqshol/Documents/Work/Backend/Dev/learning/dicoding/auth-api/src/Domains/users/entities/RegisterUser.js">
        <metrics statements="14" coveredstatements="14" conditionals="14" coveredconditionals="14" methods="2" coveredmethods="2"/>
        <line num="3" count="18" type="stmt"/>
        <line num="5" count="10" type="stmt"/>
        <line num="7" count="10" type="stmt"/>
        <line num="8" count="10" type="stmt"/>
        <line num="9" count="10" type="stmt"/>
        <line num="13" count="18" type="cond" truecount="5" falsecount="0"/>
        <line num="14" count="2" type="stmt"/>
        <line num="17" count="16" type="cond" truecount="5" falsecount="0"/>
        <line num="18" count="2" type="stmt"/>
        <line num="21" count="14" type="cond" truecount="2" falsecount="0"/>
        <line num="22" count="2" type="stmt"/>
        <line num="25" count="12" type="cond" truecount="2" falsecount="0"/>
        <line num="26" count="2" type="stmt"/>
        <line num="31" count="6" type="stmt"/>
      </file>
      <file name="RegisteredUser.js" path="/Users/aqshol/Documents/Work/Backend/Dev/learning/dicoding/auth-api/src/Domains/users/entities/RegisteredUser.js">
        <metrics statements="10" coveredstatements="10" conditionals="10" coveredconditionals="10" methods="2" coveredmethods="2"/>
        <line num="3" count="12" type="stmt"/>
        <line num="5" count="10" type="stmt"/>
        <line num="7" count="10" type="stmt"/>
        <line num="8" count="10" type="stmt"/>
        <line num="9" count="10" type="stmt"/>
        <line num="13" count="12" type="cond" truecount="5" falsecount="0"/>
        <line num="14" count="1" type="stmt"/>
        <line num="17" count="11" type="cond" truecount="5" falsecount="0"/>
        <line num="18" count="1" type="stmt"/>
        <line num="23" count="5" type="stmt"/>
      </file>
      <file name="UserLogin.js" path="/Users/aqshol/Documents/Work/Backend/Dev/learning/dicoding/auth-api/src/Domains/users/entities/UserLogin.js">
        <metrics statements="9" coveredstatements="9" conditionals="8" coveredconditionals="8" methods="2" coveredmethods="2"/>
        <line num="3" count="10" type="stmt"/>
        <line num="5" count="6" type="stmt"/>
        <line num="6" count="6" type="stmt"/>
        <line num="10" count="10" type="stmt"/>
        <line num="12" count="10" type="cond" truecount="4" falsecount="0"/>
        <line num="13" count="2" type="stmt"/>
        <line num="16" count="8" type="cond" truecount="4" falsecount="0"/>
        <line num="17" count="2" type="stmt"/>
        <line num="22" count="5" type="stmt"/>
      </file>
    </package>
    <package name="Infrastructures.http">
      <metrics statements="30" coveredstatements="29" conditionals="6" coveredconditionals="6" methods="3" coveredmethods="2"/>
      <file name="createServer.js" path="/Users/aqshol/Documents/Work/Backend/Dev/learning/dicoding/auth-api/src/Infrastructures/http/createServer.js">
        <metrics statements="30" coveredstatements="29" conditionals="6" coveredconditionals="6" methods="3" coveredmethods="2"/>
        <line num="1" count="3" type="stmt"/>
        <line num="2" count="3" type="stmt"/>
        <line num="3" count="3" type="stmt"/>
        <line num="4" count="3" type="stmt"/>
        <line num="5" count="3" type="stmt"/>
        <line num="6" count="3" type="stmt"/>
        <line num="7" count="3" type="stmt"/>
        <line num="9" count="3" type="stmt"/>
        <line num="10" count="22" type="stmt"/>
        <line num="15" count="22" type="stmt"/>
        <line num="35" count="22" type="stmt"/>
        <line num="38" count="22" type="stmt"/>
        <line num="46" count="0" type="stmt"/>
        <line num="55" count="22" type="stmt"/>
        <line num="57" count="22" type="stmt"/>
        <line num="59" count="26" type="stmt"/>
        <line num="61" count="26" type="cond" truecount="2" falsecount="0"/>
        <line num="63" count="18" type="stmt"/>
        <line num="66" count="18" type="cond" truecount="2" falsecount="0"/>
        <line num="67" count="16" type="stmt"/>
        <line num="71" count="16" type="stmt"/>
        <line num="72" count="16" type="stmt"/>
        <line num="76" count="2" type="cond" truecount="2" falsecount="0"/>
        <line num="77" count="1" type="stmt"/>
        <line num="81" count="1" type="stmt"/>
        <line num="85" count="1" type="stmt"/>
        <line num="86" count="1" type="stmt"/>
        <line num="90" count="8" type="stmt"/>
        <line num="93" count="22" type="stmt"/>
        <line num="96" count="3" type="stmt"/>
      </file>
    </package>
    <package name="Infrastructures.repository">
      <metrics statements="87" coveredstatements="49" conditionals="16" coveredconditionals="8" methods="19" coveredmethods="9"/>
      <file name="AuthenticationRepositoryPostgres.js" path="/Users/aqshol/Documents/Work/Backend/Dev/learning/dicoding/auth-api/src/Infrastructures/repository/AuthenticationRepositoryPostgres.js">
        <metrics statements="13" coveredstatements="13" conditionals="2" coveredconditionals="2" methods="4" coveredmethods="4"/>
        <line num="1" count="3" type="stmt"/>
        <line num="2" count="3" type="stmt"/>
        <line num="6" count="5" type="stmt"/>
        <line num="7" count="5" type="stmt"/>
        <line num="11" count="3" type="stmt"/>
        <line num="16" count="3" type="stmt"/>
        <line num="20" count="6" type="stmt"/>
        <line num="25" count="6" type="stmt"/>
        <line num="27" count="6" type="cond" truecount="2" falsecount="0"/>
        <line num="28" count="3" type="stmt"/>
        <line num="33" count="2" type="stmt"/>
        <line num="38" count="2" type="stmt"/>
        <line num="42" count="3" type="stmt"/>
      </file>
      <file name="CommentRepositoryPostgres.js" path="/Users/aqshol/Documents/Work/Backend/Dev/learning/dicoding/auth-api/src/Infrastructures/repository/CommentRepositoryPostgres.js">
        <metrics statements="26" coveredstatements="5" conditionals="4" coveredconditionals="0" methods="6" coveredmethods="0"/>
        <line num="1" count="2" type="stmt"/>
        <line num="2" count="2" type="stmt"/>
        <line num="3" count="2" type="stmt"/>
        <line num="4" count="2" type="stmt"/>
        <line num="8" count="0" type="stmt"/>
        <line num="9" count="0" type="stmt"/>
        <line num="10" count="0" type="stmt"/>
        <line num="14" count="0" type="stmt"/>
        <line num="15" count="0" type="stmt"/>
        <line num="16" count="0" type="stmt"/>
        <line num="20" count="0" type="stmt"/>
        <line num="21" count="0" type="stmt"/>
        <line num="25" count="0" type="stmt"/>
        <line num="29" count="0" type="stmt"/>
        <line num="30" count="0" type="cond" truecount="0" falsecount="2"/>
        <line num="31" count="0" type="stmt"/>
        <line num="36" count="0" type="stmt"/>
        <line num="40" count="0" type="stmt"/>
        <line num="41" count="0" type="cond" truecount="0" falsecount="2"/>
        <line num="42" count="0" type="stmt"/>
        <line num="47" count="0" type="stmt"/>
        <line num="51" count="0" type="stmt"/>
        <line num="55" count="0" type="stmt"/>
        <line num="64" count="0" type="stmt"/>
        <line num="65" count="0" type="stmt"/>
        <line num="69" count="2" type="stmt"/>
      </file>
      <file name="ThreadRepositoryPostgres.js" path="/Users/aqshol/Documents/Work/Backend/Dev/learning/dicoding/auth-api/src/Infrastructures/repository/ThreadRepositoryPostgres.js">
        <metrics statements="21" coveredstatements="4" conditionals="4" coveredconditionals="0" methods="4" coveredmethods="0"/>
        <line num="1" count="4" type="stmt"/>
        <line num="2" count="4" type="stmt"/>
        <line num="3" count="4" type="stmt"/>
        <line num="7" count="0" type="stmt"/>
        <line num="8" count="0" type="stmt"/>
        <line num="9" count="0" type="stmt"/>
        <line num="13" count="0" type="stmt"/>
        <line num="14" count="0" type="stmt"/>
        <line num="16" count="0" type="stmt"/>
        <line num="21" count="0" type="stmt"/>
        <line num="23" count="0" type="stmt"/>
        <line num="27" count="0" type="stmt"/>
        <line num="31" count="0" type="stmt"/>
        <line num="32" count="0" type="cond" truecount="0" falsecount="2"/>
        <line num="33" count="0" type="stmt"/>
        <line num="38" count="0" type="stmt"/>
        <line num="46" count="0" type="stmt"/>
        <line num="48" count="0" type="cond" truecount="0" falsecount="2"/>
        <line num="49" count="0" type="stmt"/>
        <line num="52" count="0" type="stmt"/>
        <line num="56" count="4" type="stmt"/>
      </file>
      <file name="UserRepositoryPostgres.js" path="/Users/aqshol/Documents/Work/Backend/Dev/learning/dicoding/auth-api/src/Infrastructures/repository/UserRepositoryPostgres.js">
        <metrics statements="27" coveredstatements="27" conditionals="6" coveredconditionals="6" methods="5" coveredmethods="5"/>
        <line num="1" count="3" type="stmt"/>
        <line num="2" count="3" type="stmt"/>
        <line num="3" count="3" type="stmt"/>
        <line num="7" count="10" type="stmt"/>
        <line num="8" count="10" type="stmt"/>
        <line num="9" count="10" type="stmt"/>
        <line num="13" count="7" type="stmt"/>
        <line num="18" count="7" type="stmt"/>
        <line num="20" count="7" type="cond" truecount="2" falsecount="0"/>
        <line num="21" count="2" type="stmt"/>
        <line num="26" count="6" type="stmt"/>
        <line num="27" count="6" type="stmt"/>
        <line num="29" count="6" type="stmt"/>
        <line num="34" count="6" type="stmt"/>
        <line num="36" count="6" type="stmt"/>
        <line num="40" count="6" type="stmt"/>
        <line num="45" count="6" type="stmt"/>
        <line num="47" count="6" type="cond" truecount="2" falsecount="0"/>
        <line num="48" count="2" type="stmt"/>
        <line num="51" count="4" type="stmt"/>
        <line num="55" count="4" type="stmt"/>
        <line num="60" count="4" type="stmt"/>
        <line num="62" count="4" type="cond" truecount="2" falsecount="0"/>
        <line num="63" count="1" type="stmt"/>
        <line num="66" count="3" type="stmt"/>
        <line num="68" count="3" type="stmt"/>
        <line num="72" count="3" type="stmt"/>
      </file>
    </package>
    <package name="Infrastructures.security">
      <metrics statements="23" coveredstatements="23" conditionals="3" coveredconditionals="3" methods="8" coveredmethods="8"/>
      <file name="BcryptPasswordHash.js" path="/Users/aqshol/Documents/Work/Backend/Dev/learning/dicoding/auth-api/src/Infrastructures/security/BcryptPasswordHash.js">
        <metrics statements="10" coveredstatements="10" conditionals="3" coveredconditionals="3" methods="3" coveredmethods="3"/>
        <line num="1" count="3" type="stmt"/>
        <line num="2" count="3" type="stmt"/>
        <line num="6" count="5" type="stmt"/>
        <line num="7" count="5" type="stmt"/>
        <line num="8" count="5" type="stmt"/>
        <line num="12" count="6" type="stmt"/>
        <line num="16" count="5" type="stmt"/>
        <line num="18" count="5" type="cond" truecount="2" falsecount="0"/>
        <line num="19" count="2" type="stmt"/>
        <line num="24" count="3" type="stmt"/>
      </file>
      <file name="JwtTokenManager.js" path="/Users/aqshol/Documents/Work/Backend/Dev/learning/dicoding/auth-api/src/Infrastructures/security/JwtTokenManager.js">
        <metrics statements="13" coveredstatements="13" conditionals="0" coveredconditionals="0" methods="5" coveredmethods="5"/>
        <line num="1" count="3" type="stmt"/>
        <line num="2" count="3" type="stmt"/>
        <line num="6" count="6" type="stmt"/>
        <line num="7" count="6" type="stmt"/>
        <line num="11" count="6" type="stmt"/>
        <line num="15" count="5" type="stmt"/>
        <line num="19" count="5" type="stmt"/>
        <line num="20" count="5" type="stmt"/>
        <line num="21" count="4" type="stmt"/>
        <line num="23" count="2" type="stmt"/>
        <line num="28" count="2" type="stmt"/>
        <line num="29" count="2" type="stmt"/>
        <line num="33" count="3" type="stmt"/>
      </file>
    </package>
    <package name="Interfaces.http.api.authentications">
      <metrics statements="26" coveredstatements="26" conditionals="0" coveredconditionals="0" methods="6" coveredmethods="6"/>
      <file name="handler.js" path="/Users/aqshol/Documents/Work/Backend/Dev/learning/dicoding/auth-api/src/Interfaces/http/api/authentications/handler.js">
        <metrics statements="19" coveredstatements="19" conditionals="0" coveredconditionals="0" methods="4" coveredmethods="4"/>
        <line num="1" count="3" type="stmt"/>
        <line num="2" count="3" type="stmt"/>
        <line num="3" count="3" type="stmt"/>
        <line num="7" count="22" type="stmt"/>
        <line num="9" count="22" type="stmt"/>
        <line num="10" count="22" type="stmt"/>
        <line num="11" count="22" type="stmt"/>
        <line num="15" count="6" type="stmt"/>
        <line num="16" count="6" type="stmt"/>
        <line num="17" count="2" type="stmt"/>
        <line num="24" count="2" type="stmt"/>
        <line num="25" count="2" type="stmt"/>
        <line num="29" count="5" type="stmt"/>
        <line num="31" count="5" type="stmt"/>
        <line num="33" count="1" type="stmt"/>
        <line num="42" count="4" type="stmt"/>
        <line num="43" count="4" type="stmt"/>
        <line num="44" count="1" type="stmt"/>
        <line num="50" count="3" type="stmt"/>
      </file>
      <file name="index.js" path="/Users/aqshol/Documents/Work/Backend/Dev/learning/dicoding/auth-api/src/Interfaces/http/api/authentications/index.js">
        <metrics statements="5" coveredstatements="5" conditionals="0" coveredconditionals="0" methods="1" coveredmethods="1"/>
        <line num="1" count="3" type="stmt"/>
        <line num="2" count="3" type="stmt"/>
        <line num="4" count="3" type="stmt"/>
        <line num="7" count="22" type="stmt"/>
        <line num="8" count="22" type="stmt"/>
      </file>
      <file name="routes.js" path="/Users/aqshol/Documents/Work/Backend/Dev/learning/dicoding/auth-api/src/Interfaces/http/api/authentications/routes.js">
        <metrics statements="2" coveredstatements="2" conditionals="0" coveredconditionals="0" methods="1" coveredmethods="1"/>
        <line num="1" count="22" type="stmt"/>
        <line num="28" count="3" type="stmt"/>
      </file>
    </package>
    <package name="Interfaces.http.api.comments">
      <metrics statements="25" coveredstatements="13" conditionals="0" coveredconditionals="0" methods="5" coveredmethods="3"/>
      <file name="handler.js" path="/Users/aqshol/Documents/Work/Backend/Dev/learning/dicoding/auth-api/src/Interfaces/http/api/comments/handler.js">
        <metrics statements="18" coveredstatements="6" conditionals="0" coveredconditionals="0" methods="3" coveredmethods="1"/>
        <line num="1" count="3" type="stmt"/>
        <line num="2" count="3" type="stmt"/>
        <line num="5" count="22" type="stmt"/>
        <line num="6" count="22" type="stmt"/>
        <line num="7" count="22" type="stmt"/>
        <line num="11" count="0" type="stmt"/>
        <line num="12" count="0" type="stmt"/>
        <line num="13" count="0" type="stmt"/>
        <line num="14" count="0" type="stmt"/>
        <line num="16" count="0" type="stmt"/>
        <line num="20" count="0" type="stmt"/>
        <line num="21" count="0" type="stmt"/>
        <line num="25" count="0" type="stmt"/>
        <line num="26" count="0" type="stmt"/>
        <line num="27" count="0" type="stmt"/>
        <line num="28" count="0" type="stmt"/>
        <line num="29" count="0" type="stmt"/>
        <line num="35" count="3" type="stmt"/>
      </file>
      <file name="index.js" path="/Users/aqshol/Documents/Work/Backend/Dev/learning/dicoding/auth-api/src/Interfaces/http/api/comments/index.js">
        <metrics statements="5" coveredstatements="5" conditionals="0" coveredconditionals="0" methods="1" coveredmethods="1"/>
        <line num="1" count="3" type="stmt"/>
        <line num="2" count="3" type="stmt"/>
        <line num="4" count="3" type="stmt"/>
        <line num="7" count="22" type="stmt"/>
        <line num="8" count="22" type="stmt"/>
      </file>
      <file name="routes.js" path="/Users/aqshol/Documents/Work/Backend/Dev/learning/dicoding/auth-api/src/Interfaces/http/api/comments/routes.js">
        <metrics statements="2" coveredstatements="2" conditionals="0" coveredconditionals="0" methods="1" coveredmethods="1"/>
        <line num="1" count="22" type="stmt"/>
        <line num="14" count="3" type="stmt"/>
      </file>
    </package>
    <package name="Interfaces.http.api.threads">
      <metrics statements="22" coveredstatements="13" conditionals="0" coveredconditionals="0" methods="5" coveredmethods="3"/>
      <file name="handler.js" path="/Users/aqshol/Documents/Work/Backend/Dev/learning/dicoding/auth-api/src/Interfaces/http/api/threads/handler.js">
        <metrics statements="15" coveredstatements="6" conditionals="0" coveredconditionals="0" methods="3" coveredmethods="1"/>
        <line num="1" count="3" type="stmt"/>
        <line num="2" count="3" type="stmt"/>
        <line num="6" count="22" type="stmt"/>
        <line num="7" count="22" type="stmt"/>
        <line num="8" count="22" type="stmt"/>
        <line num="12" count="0" type="stmt"/>
        <line num="13" count="0" type="stmt"/>
        <line num="14" count="0" type="stmt"/>
        <line num="18" count="0" type="stmt"/>
        <line num="19" count="0" type="stmt"/>
        <line num="23" count="0" type="stmt"/>
        <line num="24" count="0" type="stmt"/>
        <line num="25" count="0" type="stmt"/>
        <line num="26" count="0" type="stmt"/>
        <line num="35" count="3" type="stmt"/>
      </file>
      <file name="index.js" path="/Users/aqshol/Documents/Work/Backend/Dev/learning/dicoding/auth-api/src/Interfaces/http/api/threads/index.js">
        <metrics statements="5" coveredstatements="5" conditionals="0" coveredconditionals="0" methods="1" coveredmethods="1"/>
        <line num="1" count="3" type="stmt"/>
        <line num="2" count="3" type="stmt"/>
        <line num="4" count="3" type="stmt"/>
        <line num="7" count="22" type="stmt"/>
        <line num="8" count="22" type="stmt"/>
      </file>
      <file name="routes.js" path="/Users/aqshol/Documents/Work/Backend/Dev/learning/dicoding/auth-api/src/Interfaces/http/api/threads/routes.js">
        <metrics statements="2" coveredstatements="2" conditionals="0" coveredconditionals="0" methods="1" coveredmethods="1"/>
        <line num="2" count="22" type="stmt"/>
        <line num="15" count="3" type="stmt"/>
      </file>
    </package>
    <package name="Interfaces.http.api.users">
      <metrics statements="16" coveredstatements="16" conditionals="0" coveredconditionals="0" methods="4" coveredmethods="4"/>
      <file name="handler.js" path="/Users/aqshol/Documents/Work/Backend/Dev/learning/dicoding/auth-api/src/Interfaces/http/api/users/handler.js">
        <metrics statements="9" coveredstatements="9" conditionals="0" coveredconditionals="0" methods="2" coveredmethods="2"/>
        <line num="1" count="3" type="stmt"/>
        <line num="5" count="22" type="stmt"/>
        <line num="7" count="22" type="stmt"/>
        <line num="11" count="10" type="stmt"/>
        <line num="12" count="9" type="stmt"/>
        <line num="13" count="4" type="stmt"/>
        <line num="19" count="4" type="stmt"/>
        <line num="20" count="4" type="stmt"/>
        <line num="24" count="3" type="stmt"/>
      </file>
      <file name="index.js" path="/Users/aqshol/Documents/Work/Backend/Dev/learning/dicoding/auth-api/src/Interfaces/http/api/users/index.js">
        <metrics statements="5" coveredstatements="5" conditionals="0" coveredconditionals="0" methods="1" coveredmethods="1"/>
        <line num="1" count="3" type="stmt"/>
        <line num="2" count="3" type="stmt"/>
        <line num="4" count="3" type="stmt"/>
        <line num="7" count="22" type="stmt"/>
        <line num="8" count="22" type="stmt"/>
      </file>
      <file name="routes.js" path="/Users/aqshol/Documents/Work/Backend/Dev/learning/dicoding/auth-api/src/Interfaces/http/api/users/routes.js">
        <metrics statements="2" coveredstatements="2" conditionals="0" coveredconditionals="0" methods="1" coveredmethods="1"/>
        <line num="1" count="22" type="stmt"/>
        <line num="12" count="3" type="stmt"/>
      </file>
    </package>
  </project>
</coverage>
